<?xml version="1.0" encoding="UTF-8"?>
<testng-results skipped="0" failed="1" ignored="1" total="2" passed="0">
  <reporter-output>
  </reporter-output>
  <suite name="Default suite" duration-ms="52751" started-at="2018-05-10T11:04:36Z" finished-at="2018-05-10T11:05:29Z">
    <groups>
    </groups>
    <test name="Default test" duration-ms="52751" started-at="2018-05-10T11:04:36Z" finished-at="2018-05-10T11:05:29Z">
      <class name="com.moolya.qa.testcases.LoginToApplication">
        <test-method status="PASS" signature="setUp()[pri:0, instance:com.moolya.qa.testcases.LoginToApplication@5622fdf]" name="setUp" is-config="true" duration-ms="52059" started-at="2018-05-10T11:04:36Z" finished-at="2018-05-10T11:05:28Z">
          <reporter-output>
          </reporter-output>
        </test-method> <!-- setUp -->
        <test-method status="FAIL" signature="ImagedisplayonLogin()[pri:0, instance:com.moolya.qa.testcases.LoginToApplication@5622fdf]" name="ImagedisplayonLogin" duration-ms="12" started-at="2018-05-10T11:05:28Z" finished-at="2018-05-10T11:05:28Z">
          <exception class="java.lang.NullPointerException">
            <full-stacktrace>
              <![CDATA[java.lang.NullPointerException
at com.moolya.qa.pages.LoginPage.verifymoolyaImage(LoginPage.java:48)
at com.moolya.qa.testcases.LoginToApplication.ImagedisplayonLogin(LoginToApplication.java:30)
at sun.reflect.NativeMethodAccessorImpl.invoke0(Native Method)
at sun.reflect.NativeMethodAccessorImpl.invoke(Unknown Source)
at sun.reflect.DelegatingMethodAccessorImpl.invoke(Unknown Source)
at java.lang.reflect.Method.invoke(Unknown Source)
at org.testng.internal.MethodInvocationHelper.invokeMethod(MethodInvocationHelper.java:124)
at org.testng.internal.Invoker.invokeMethod(Invoker.java:583)
at org.testng.internal.Invoker.invokeTestMethod(Invoker.java:719)
at org.testng.internal.Invoker.invokeTestMethods(Invoker.java:989)
at org.testng.internal.TestMethodWorker.invokeTestMethods(TestMethodWorker.java:125)
at org.testng.internal.TestMethodWorker.run(TestMethodWorker.java:109)
at org.testng.TestRunner.privateRun(TestRunner.java:648)
at org.testng.TestRunner.run(TestRunner.java:505)
at org.testng.SuiteRunner.runTest(SuiteRunner.java:455)
at org.testng.SuiteRunner.runSequentially(SuiteRunner.java:450)
at org.testng.SuiteRunner.privateRun(SuiteRunner.java:415)
at org.testng.SuiteRunner.run(SuiteRunner.java:364)
at org.testng.SuiteRunnerWorker.runSuite(SuiteRunnerWorker.java:52)
at org.testng.SuiteRunnerWorker.run(SuiteRunnerWorker.java:84)
at org.testng.TestNG.runSuitesSequentially(TestNG.java:1208)
at org.testng.TestNG.runSuitesLocally(TestNG.java:1137)
at org.testng.TestNG.runSuites(TestNG.java:1049)
at org.testng.TestNG.run(TestNG.java:1017)
at org.testng.remote.AbstractRemoteTestNG.run(AbstractRemoteTestNG.java:114)
at org.testng.remote.RemoteTestNG.initAndRun(RemoteTestNG.java:251)
at org.testng.remote.RemoteTestNG.main(RemoteTestNG.java:77)
]]>
            </full-stacktrace>
          </exception> <!-- java.lang.NullPointerException -->
          <reporter-output>
          </reporter-output>
        </test-method> <!-- ImagedisplayonLogin -->
        <test-method status="PASS" signature="tearDown()[pri:0, instance:com.moolya.qa.testcases.LoginToApplication@5622fdf]" name="tearDown" is-config="true" duration-ms="635" started-at="2018-05-10T11:05:28Z" finished-at="2018-05-10T11:05:29Z">
          <reporter-output>
          </reporter-output>
        </test-method> <!-- tearDown -->
      </class> <!-- com.moolya.qa.testcases.LoginToApplication -->
    </test> <!-- Default test -->
  </suite> <!-- Default suite -->
</testng-results>
