<?xml version="1.0" encoding="UTF-8"?>
<!-- Generated by org.testng.reporters.JUnitXMLReporter -->
<testsuite hostname="RakSan-HP32" ignored="0" name="Test" tests="6" failures="0" timestamp="08 May 2018 16:09:31 GMT" time="0.062" errors="0">
  <testcase name="E1" time="0.0" classname="com.qa.tests.EndtoendTest"/>
  <testcase name="E2" time="0.0" classname="com.qa.tests.EndtoendTest"/>
  <testcase name="S1" time="0.0" classname="com.qa.tests.SanityTest"/>
  <testcase name="S2" time="0.0" classname="com.qa.tests.SanityTest"/>
  <testcase name="R1" time="0.0" classname="com.qa.tests.RegressionTest"/>
  <testcase name="R2" time="0.0" classname="com.qa.tests.RegressionTest"/>
</testsuite> <!-- Test -->
