<?xml version="1.0" encoding="UTF-8"?>
<testng-results skipped="0" failed="1" ignored="0" total="1" passed="0">
  <reporter-output>
  </reporter-output>
  <suite name="Default suite" duration-ms="84" started-at="2018-05-31T17:05:41Z" finished-at="2018-05-31T17:05:41Z">
    <groups>
    </groups>
    <test name="Default test" duration-ms="84" started-at="2018-05-31T17:05:41Z" finished-at="2018-05-31T17:05:41Z">
      <class name="capturescreenshot.Phantomjsdemo">
        <test-method status="FAIL" signature="VerifyfacebookTitle()[pri:0, instance:capturescreenshot.Phantomjsdemo@ea1a8d5]" name="VerifyfacebookTitle" duration-ms="52" started-at="2018-05-31T17:05:41Z" finished-at="2018-05-31T17:05:41Z">
          <exception class="java.lang.NoSuchMethodError">
            <message>
              <![CDATA[org.openqa.selenium.os.CommandLine.find(Ljava/lang/String;)Ljava/lang/String;]]>
            </message>
            <full-stacktrace>
              <![CDATA[java.lang.NoSuchMethodError: org.openqa.selenium.os.CommandLine.find(Ljava/lang/String;)Ljava/lang/String;
at org.openqa.selenium.phantomjs.PhantomJSDriverService.findPhantomJS(PhantomJSDriverService.java:232)
at org.openqa.selenium.phantomjs.PhantomJSDriverService.createDefaultService(PhantomJSDriverService.java:181)
at org.openqa.selenium.phantomjs.PhantomJSDriver.<init>(PhantomJSDriver.java:104)
at org.openqa.selenium.phantomjs.PhantomJSDriver.<init>(PhantomJSDriver.java:94)
at capturescreenshot.Phantomjsdemo.VerifyfacebookTitle(Phantomjsdemo.java:16)
at sun.reflect.NativeMethodAccessorImpl.invoke0(Native Method)
at sun.reflect.NativeMethodAccessorImpl.invoke(Unknown Source)
at sun.reflect.DelegatingMethodAccessorImpl.invoke(Unknown Source)
at java.lang.reflect.Method.invoke(Unknown Source)
at org.testng.internal.MethodInvocationHelper.invokeMethod(MethodInvocationHelper.java:124)
at org.testng.internal.Invoker.invokeMethod(Invoker.java:580)
at org.testng.internal.Invoker.invokeTestMethod(Invoker.java:716)
at org.testng.internal.Invoker.invokeTestMethods(Invoker.java:988)
at org.testng.internal.TestMethodWorker.invokeTestMethods(TestMethodWorker.java:125)
at org.testng.internal.TestMethodWorker.run(TestMethodWorker.java:109)
at org.testng.TestRunner.privateRun(TestRunner.java:648)
at org.testng.TestRunner.run(TestRunner.java:505)
at org.testng.SuiteRunner.runTest(SuiteRunner.java:455)
at org.testng.SuiteRunner.runSequentially(SuiteRunner.java:450)
at org.testng.SuiteRunner.privateRun(SuiteRunner.java:415)
at org.testng.SuiteRunner.run(SuiteRunner.java:364)
at org.testng.SuiteRunnerWorker.runSuite(SuiteRunnerWorker.java:52)
at org.testng.SuiteRunnerWorker.run(SuiteRunnerWorker.java:84)
at org.testng.TestNG.runSuitesSequentially(TestNG.java:1208)
at org.testng.TestNG.runSuitesLocally(TestNG.java:1137)
at org.testng.TestNG.runSuites(TestNG.java:1049)
at org.testng.TestNG.run(TestNG.java:1017)
at org.testng.remote.AbstractRemoteTestNG.run(AbstractRemoteTestNG.java:114)
at org.testng.remote.RemoteTestNG.initAndRun(RemoteTestNG.java:251)
at org.testng.remote.RemoteTestNG.main(RemoteTestNG.java:77)
]]>
            </full-stacktrace>
          </exception> <!-- java.lang.NoSuchMethodError -->
          <reporter-output>
          </reporter-output>
        </test-method> <!-- VerifyfacebookTitle -->
      </class> <!-- capturescreenshot.Phantomjsdemo -->
    </test> <!-- Default test -->
  </suite> <!-- Default suite -->
</testng-results>
