<?xml version="1.0" encoding="UTF-8"?>
<testng-results skipped="0" failed="0" ignored="0" total="6" passed="6">
  <reporter-output>
  </reporter-output>
  <suite name="Suite" duration-ms="62" started-at="2018-05-08T16:09:31Z" finished-at="2018-05-08T16:09:31Z">
    <groups>
    </groups>
    <test name="Test" duration-ms="62" started-at="2018-05-08T16:09:31Z" finished-at="2018-05-08T16:09:31Z">
      <class name="com.qa.tests.EndtoendTest">
        <test-method status="PASS" signature="E1()[pri:0, instance:com.qa.tests.EndtoendTest@79698539]" name="E1" duration-ms="0" started-at="2018-05-08T16:09:31Z" finished-at="2018-05-08T16:09:31Z">
          <reporter-output>
          </reporter-output>
        </test-method> <!-- E1 -->
        <test-method status="PASS" signature="E2()[pri:0, instance:com.qa.tests.EndtoendTest@79698539]" name="E2" duration-ms="0" started-at="2018-05-08T16:09:31Z" finished-at="2018-05-08T16:09:31Z">
          <reporter-output>
          </reporter-output>
        </test-method> <!-- E2 -->
      </class> <!-- com.qa.tests.EndtoendTest -->
      <class name="com.qa.tests.RegressionTest">
        <test-method status="PASS" signature="R2()[pri:0, instance:com.qa.tests.RegressionTest@2ed94a8b]" name="R2" duration-ms="0" started-at="2018-05-08T16:09:31Z" finished-at="2018-05-08T16:09:31Z">
          <reporter-output>
          </reporter-output>
        </test-method> <!-- R2 -->
        <test-method status="PASS" signature="R1()[pri:0, instance:com.qa.tests.RegressionTest@2ed94a8b]" name="R1" duration-ms="0" started-at="2018-05-08T16:09:31Z" finished-at="2018-05-08T16:09:31Z">
          <reporter-output>
          </reporter-output>
        </test-method> <!-- R1 -->
      </class> <!-- com.qa.tests.RegressionTest -->
      <class name="com.qa.tests.SanityTest">
        <test-method status="PASS" signature="S1()[pri:0, instance:com.qa.tests.SanityTest@73f792cf]" name="S1" duration-ms="0" started-at="2018-05-08T16:09:31Z" finished-at="2018-05-08T16:09:31Z">
          <reporter-output>
          </reporter-output>
        </test-method> <!-- S1 -->
        <test-method status="PASS" signature="S2()[pri:0, instance:com.qa.tests.SanityTest@73f792cf]" name="S2" duration-ms="0" started-at="2018-05-08T16:09:31Z" finished-at="2018-05-08T16:09:31Z">
          <reporter-output>
          </reporter-output>
        </test-method> <!-- S2 -->
      </class> <!-- com.qa.tests.SanityTest -->
    </test> <!-- Test -->
  </suite> <!-- Suite -->
</testng-results>
