<?xml version="1.0" encoding="UTF-8"?>
<testsuite xmlns:xsi="http://www.w3.org/2001/XMLSchema-instance" xsi:noNamespaceSchemaLocation="https://maven.apache.org/surefire/maven-surefire-plugin/xsd/surefire-test-report.xsd" name="TestSuite" time="0.962" tests="6" errors="0" skipped="0" failures="0">
  <properties>
[...]
</properties>
  <testcase name="E1" classname="com.qa.tests.EndtoendTest" time="0.015"/>
  <testcase name="E2" classname="com.qa.tests.EndtoendTest" time="0"/>
  <testcase name="S1" classname="com.qa.tests.SanityTest" time="0"/>
  <testcase name="S2" classname="com.qa.tests.SanityTest" time="0"/>
  <testcase name="R1" classname="com.qa.tests.RegressionTest" time="0"/>
  <testcase name="R2" classname="com.qa.tests.RegressionTest" time="0"/>
</testsuite>